ERROR - 2024-01-30 09:51:21 --> ErrorException: pg_query(): Query failed: ERREUR:  la table « rattrapages » n'existe pas in /di/codeigniter/hr202541/SGRDS/system/Database/Postgre/Connection.php:187
Stack trace:
#0 [internal function]: CodeIgniter\Debug\Exceptions->errorHandler()
#1 /di/codeigniter/hr202541/SGRDS/system/Database/Postgre/Connection.php(187): pg_query()
#2 /di/codeigniter/hr202541/SGRDS/system/Database/BaseConnection.php(692): CodeIgniter\Database\Postgre\Connection->execute()
#3 /di/codeigniter/hr202541/SGRDS/system/Database/BaseConnection.php(606): CodeIgniter\Database\BaseConnection->simpleQuery()
#4 /di/codeigniter/hr202541/SGRDS/system/Database/Forge.php(637): CodeIgniter\Database\BaseConnection->query()
#5 /di/codeigniter/hr202541/SGRDS/app/Database/Migrations/2024-01-29-141541_Rattrapages.php(68): CodeIgniter\Database\Forge->dropTable()
#6 /di/codeigniter/hr202541/SGRDS/system/Database/MigrationRunner.php(877): App\Database\Migrations\Rattrapages->down()
#7 /di/codeigniter/hr202541/SGRDS/system/Database/MigrationRunner.php(299): CodeIgniter\Database\MigrationRunner->migrate()
#8 /di/codeigniter/hr202541/SGRDS/system/Commands/Database/MigrateRollback.php(92): CodeIgniter\Database\MigrationRunner->regress()
#9 /di/codeigniter/hr202541/SGRDS/system/CLI/Commands.php(65): CodeIgniter\Commands\Database\MigrateRollback->run()
#10 /di/codeigniter/hr202541/SGRDS/system/CLI/BaseCommand.php(115): CodeIgniter\CLI\Commands->run()
#11 /di/codeigniter/hr202541/SGRDS/system/Commands/Database/MigrateRefresh.php(84): CodeIgniter\CLI\BaseCommand->call()
#12 /di/codeigniter/hr202541/SGRDS/system/CLI/Commands.php(65): CodeIgniter\Commands\Database\MigrateRefresh->run()
#13 /di/codeigniter/hr202541/SGRDS/system/CLI/Console.php(37): CodeIgniter\CLI\Commands->run()
#14 /di/codeigniter/hr202541/SGRDS/spark(102): CodeIgniter\CLI\Console->run()
#15 {main}
ERROR - 2024-01-30 09:52:29 --> ErrorException: pg_query(): Query failed: ERREUR:  la table « rattrapages » n'existe pas in /di/codeigniter/hr202541/SGRDS/system/Database/Postgre/Connection.php:187
Stack trace:
#0 [internal function]: CodeIgniter\Debug\Exceptions->errorHandler()
#1 /di/codeigniter/hr202541/SGRDS/system/Database/Postgre/Connection.php(187): pg_query()
#2 /di/codeigniter/hr202541/SGRDS/system/Database/BaseConnection.php(692): CodeIgniter\Database\Postgre\Connection->execute()
#3 /di/codeigniter/hr202541/SGRDS/system/Database/BaseConnection.php(606): CodeIgniter\Database\BaseConnection->simpleQuery()
#4 /di/codeigniter/hr202541/SGRDS/system/Database/Forge.php(637): CodeIgniter\Database\BaseConnection->query()
#5 /di/codeigniter/hr202541/SGRDS/app/Database/Migrations/2024-01-29-141541_Rattrapages.php(68): CodeIgniter\Database\Forge->dropTable()
#6 /di/codeigniter/hr202541/SGRDS/system/Database/MigrationRunner.php(877): App\Database\Migrations\Rattrapages->down()
#7 /di/codeigniter/hr202541/SGRDS/system/Database/MigrationRunner.php(299): CodeIgniter\Database\MigrationRunner->migrate()
#8 /di/codeigniter/hr202541/SGRDS/system/Commands/Database/MigrateRollback.php(92): CodeIgniter\Database\MigrationRunner->regress()
#9 /di/codeigniter/hr202541/SGRDS/system/CLI/Commands.php(65): CodeIgniter\Commands\Database\MigrateRollback->run()
#10 /di/codeigniter/hr202541/SGRDS/system/CLI/BaseCommand.php(115): CodeIgniter\CLI\Commands->run()
#11 /di/codeigniter/hr202541/SGRDS/system/Commands/Database/MigrateRefresh.php(84): CodeIgniter\CLI\BaseCommand->call()
#12 /di/codeigniter/hr202541/SGRDS/system/CLI/Commands.php(65): CodeIgniter\Commands\Database\MigrateRefresh->run()
#13 /di/codeigniter/hr202541/SGRDS/system/CLI/Console.php(37): CodeIgniter\CLI\Commands->run()
#14 /di/codeigniter/hr202541/SGRDS/spark(102): CodeIgniter\CLI\Console->run()
#15 {main}
ERROR - 2024-01-30 09:54:13 --> ErrorException: Undefined variable $DBDriver in /di/codeigniter/hr202541/SGRDS/system/Commands/Generators/Views/migration.tpl.php:16
Stack trace:
#0 /di/codeigniter/hr202541/SGRDS/system/Commands/Generators/Views/migration.tpl.php(16): CodeIgniter\Debug\Exceptions->errorHandler()
#1 /di/codeigniter/hr202541/SGRDS/system/View/View.php(226): include('...')
#2 /di/codeigniter/hr202541/SGRDS/system/View/View.php(229): CodeIgniter\View\View->CodeIgniter\View\{closure}()
#3 /di/codeigniter/hr202541/SGRDS/system/Common.php(1188): CodeIgniter\View\View->render()
#4 /di/codeigniter/hr202541/SGRDS/system/CLI/GeneratorTrait.php(271): view()
#5 /di/codeigniter/hr202541/SGRDS/system/CLI/GeneratorTrait.php(293): CodeIgniter\Commands\Generators\SessionMigrationGenerator->renderTemplate()
#6 /di/codeigniter/hr202541/SGRDS/system/Commands/Generators/SessionMigrationGenerator.php(103): CodeIgniter\Commands\Generators\SessionMigrationGenerator->parseTemplate()
#7 /di/codeigniter/hr202541/SGRDS/system/CLI/GeneratorTrait.php(303): CodeIgniter\Commands\Generators\SessionMigrationGenerator->prepare()
#8 /di/codeigniter/hr202541/SGRDS/system/CLI/GeneratorTrait.php(116): CodeIgniter\Commands\Generators\SessionMigrationGenerator->buildContent()
#9 /di/codeigniter/hr202541/SGRDS/system/CLI/GeneratorTrait.php(95): CodeIgniter\Commands\Generators\SessionMigrationGenerator->generateClass()
#10 /di/codeigniter/hr202541/SGRDS/system/Commands/Generators/SessionMigrationGenerator.php(86): CodeIgniter\Commands\Generators\SessionMigrationGenerator->execute()
#11 /di/codeigniter/hr202541/SGRDS/system/CLI/Commands.php(65): CodeIgniter\Commands\Generators\SessionMigrationGenerator->run()
#12 /di/codeigniter/hr202541/SGRDS/system/CLI/Console.php(37): CodeIgniter\CLI\Commands->run()
#13 /di/codeigniter/hr202541/SGRDS/spark(102): CodeIgniter\CLI\Console->run()
#14 {main}
CRITICAL - 2024-01-30 09:54:13 --> Undefined variable $DBDriver
in SYSTEMPATH/Commands/Generators/Views/migration.tpl.php on line 16.
 1 SYSTEMPATH/Commands/Generators/Views/migration.tpl.php(16): CodeIgniter\Debug\Exceptions->errorHandler()
 2 SYSTEMPATH/View/View.php(226): include('/di/codeigniter/hr202541/SGRDS/system/Commands/Generators/Views/migration.tpl.php')
 3 SYSTEMPATH/View/View.php(229): CodeIgniter\View\View->CodeIgniter\View\{closure}()
 4 SYSTEMPATH/Common.php(1188): CodeIgniter\View\View->render()
 5 SYSTEMPATH/CLI/GeneratorTrait.php(275): view()
 6 SYSTEMPATH/CLI/GeneratorTrait.php(293): CodeIgniter\Commands\Generators\SessionMigrationGenerator->renderTemplate()
 7 SYSTEMPATH/Commands/Generators/SessionMigrationGenerator.php(103): CodeIgniter\Commands\Generators\SessionMigrationGenerator->parseTemplate()
 8 SYSTEMPATH/CLI/GeneratorTrait.php(303): CodeIgniter\Commands\Generators\SessionMigrationGenerator->prepare()
 9 SYSTEMPATH/CLI/GeneratorTrait.php(116): CodeIgniter\Commands\Generators\SessionMigrationGenerator->buildContent()
10 SYSTEMPATH/CLI/GeneratorTrait.php(95): CodeIgniter\Commands\Generators\SessionMigrationGenerator->generateClass()
11 SYSTEMPATH/Commands/Generators/SessionMigrationGenerator.php(86): CodeIgniter\Commands\Generators\SessionMigrationGenerator->execute()
12 SYSTEMPATH/CLI/Commands.php(65): CodeIgniter\Commands\Generators\SessionMigrationGenerator->run()
13 SYSTEMPATH/CLI/Console.php(37): CodeIgniter\CLI\Commands->run()
14 ROOTPATH/spark(102): CodeIgniter\CLI\Console->run()
